<?xml version="1.0" encoding="UTF-8"?>
<!-- Generated by org.testng.reporters.JUnitReportReporter -->
<<<<<<< HEAD
<testsuite hostname="IGZ20039" failures="0" tests="1" name="testscript.ManageNewsTest" time="11.233" errors="0" timestamp="2024-08-02T17:43:51 IST" skipped="0">
  <testcase classname="testscript.ManageNewsTest" name="verifyUserIsAbleToEditTextFromList" time="11.233"/>
=======
<testsuite hostname="IGZ20039" failures="0" tests="2" name="testscript.ManageNewsTest" time="13.976" errors="0" timestamp="2024-07-24T06:30:46 IST" skipped="0">
  <testcase classname="testscript.ManageNewsTest" name="verifyUserIsAbleToEditTextFromList" time="7.461"/>
  <system-out/>
  <testcase classname="testscript.ManageNewsTest" name="verifyUserIsAbleToAddNewsOnNewsTextField" time="6.515"/>
>>>>>>> 1e00cfefc5b38db1515b55a8a3a452dc1cc6a3fb
  <system-out/>
</testsuite> <!-- testscript.ManageNewsTest -->
