<?xml version="1.0" encoding="UTF-8"?>
<!-- Generated by org.testng.reporters.JUnitReportReporter -->
<testsuite hostname="IGZ20039" failures="0" tests="2" name="testscript.LoginTest" time="67.099" errors="0" timestamp="2024-07-30T21:57:02 IST" skipped="0">
  <testcase classname="testscript.LoginTest" name="verifyUserIsUnAbleToLoginWithInvalidUsernameAndValidPassword" time="25.894"/>
  <system-out/>
  <testcase classname="testscript.LoginTest" name="verifyUserIsUnAbleToLoginWithInvalidUsernameAndValidPassword" time="41.205"/>
  <system-out/>
</testsuite> <!-- testscript.LoginTest -->
