<?xml version="1.0" encoding="UTF-8"?>
<!-- Generated by org.testng.reporters.JUnitReportReporter -->
<<<<<<< HEAD
<testsuite hostname="IGZ20039" failures="0" tests="1" name="testscript.ManageFooterTextPageTest" time="7.266" errors="0" timestamp="2024-08-02T17:47:02 IST" skipped="0">
  <testcase classname="testscript.ManageFooterTextPageTest" name="verifyUserIsAbleToEditUserTextInformations" time="7.266"/>
=======
<testsuite hostname="IGZ20039" failures="0" tests="1" name="testscript.ManageFooterTextPageTest" time="18.925" errors="0" timestamp="2024-07-30T08:32:08 IST" skipped="0">
  <testcase classname="testscript.ManageFooterTextPageTest" name="verifyUserIsAbleToEditUserTextInformations" time="18.925"/>
>>>>>>> 1e00cfefc5b38db1515b55a8a3a452dc1cc6a3fb
  <system-out/>
</testsuite> <!-- testscript.ManageFooterTextPageTest -->
