<?xml version="1.0" encoding="UTF-8"?>
<!-- Generated by org.testng.reporters.JUnitReportReporter -->
<testsuite hostname="IGZ20039" failures="0" tests="4" name="testscript.LoginPage" time="41.635" errors="0" timestamp="2024-07-17T20:10:48 IST" skipped="0">
  <testcase classname="testscript.LoginPage" name="verifyUserIsAbleToLoginWithInValidUsernameAndInvalidPassword" time="6.033"/>
  <system-out/>
  <testcase classname="testscript.LoginPage" name="verifyUserIsAbleToLoginWithInvalidUsernameAndValidPassword" time="6.211"/>
  <system-out/>
  <testcase classname="testscript.LoginPage" name="verifyUserIsAbleToLoginWithValidUsernameAndInvlaidPassword" time="22.429"/>
  <system-out/>
  <testcase classname="testscript.LoginPage" name="verifyUserIsAbleToLoginWithValidUsernameAndValidPassword" time="6.962"/>
  <system-out/>
</testsuite> <!-- testscript.LoginPage -->
