<?xml version="1.0" encoding="UTF-8"?>
<!-- Generated by org.testng.reporters.JUnitReportReporter -->
<testsuite hostname="IGZ20039" failures="0" tests="1" name="testscript.CategorypageTest" time="12.551" errors="0" timestamp="2024-07-27T14:45:15 IST" skipped="0">
  <testcase classname="testscript.CategorypageTest" name="verifyUserIsAbleToDragAndDropAndFileUpload" time="12.551"/>
  <system-out/>
</testsuite> <!-- testscript.CategorypageTest -->
