<?xml version="1.0" encoding="UTF-8"?>
<!-- Generated by org.testng.reporters.JUnitReportReporter -->
<testsuite hostname="IGZ20039" failures="0" tests="1" name="testscript.SubCategoryPageTest" time="28.074" errors="0" timestamp="2024-08-01T10:43:32 IST" skipped="0">
  <testcase classname="testscript.SubCategoryPageTest" name="verifyUserIsAbleToAddSubCategoryAndFileUpload" time="28.074"/>
  <system-out/>
</testsuite> <!-- testscript.SubCategoryPageTest -->
