<?xml version="1.0" encoding="UTF-8"?>
<!-- Generated by org.testng.reporters.JUnitReportReporter -->
<testsuite hostname="IGZ20039" failures="0" tests="1" name="testscript.ManagePagesPageTest" time="7.871" errors="0" timestamp="2024-07-22T14:48:48 IST" skipped="0">
  <testcase classname="testscript.ManagePagesPageTest" name="verifyWhetherUserIsAbleToFindSearchedTitle" time="7.871"/>
  <system-out/>
</testsuite> <!-- testscript.ManagePagesPageTest -->
