<?xml version="1.0" encoding="UTF-8"?>
<!-- Generated by org.testng.reporters.JUnitReportReporter -->
<testsuite hostname="IGZ20039" failures="0" tests="1" name="testscript.AdminUsersTest" time="24.756" errors="0" timestamp="2024-07-30T21:42:02 IST" skipped="0">
  <testcase classname="testscript.AdminUsersTest" name="verifyUserIsAbleToAddUserType" time="24.756"/>
  <system-out/>
</testsuite> <!-- testscript.AdminUsersTest -->
