<?xml version="1.0" encoding="UTF-8"?>
<!-- Generated by org.testng.reporters.JUnitReportReporter -->
<testsuite hostname="IGZ20039" failures="0" tests="1" name="testscript.ManageFooterTextPageTest" time="7.266" errors="0" timestamp="2024-08-02T17:47:02 IST" skipped="0">
  <testcase classname="testscript.ManageFooterTextPageTest" name="verifyUserIsAbleToEditUserTextInformations" time="7.266"/>
  <system-out/>
</testsuite> <!-- testscript.ManageFooterTextPageTest -->
