<?xml version="1.0" encoding="UTF-8"?>
<!-- Generated by org.testng.reporters.JUnitReportReporter -->
<<<<<<< HEAD
<testsuite hostname="IGZ20039" failures="0" tests="1" name="testscript.SubCategoryPageTest" time="28.074" errors="0" timestamp="2024-08-01T10:43:32 IST" skipped="0">
  <testcase classname="testscript.SubCategoryPageTest" name="verifyUserIsAbleToAddSubCategoryAndFileUpload" time="28.074"/>
=======
<testsuite hostname="IGZ20039" failures="0" tests="1" name="testscript.SubCategoryPageTest" time="10.070" errors="0" timestamp="2024-07-30T21:42:02 IST" skipped="0">
  <testcase classname="testscript.SubCategoryPageTest" name="verifyUserIsAbleToAddSubCategoryAndFileUpload" time="10.070"/>
>>>>>>> 1e00cfefc5b38db1515b55a8a3a452dc1cc6a3fb
  <system-out/>
</testsuite> <!-- testscript.SubCategoryPageTest -->
