<?xml version="1.0" encoding="UTF-8"?>
<!-- Generated by org.testng.reporters.JUnitReportReporter -->
<testsuite hostname="IGZ20039" failures="0" tests="1" name="testscript.ManageNewsTest" time="11.233" errors="0" timestamp="2024-08-02T17:43:51 IST" skipped="0">
  <testcase classname="testscript.ManageNewsTest" name="verifyUserIsAbleToEditTextFromList" time="11.233"/>
  <system-out/>
</testsuite> <!-- testscript.ManageNewsTest -->
