<?xml version="1.0" encoding="UTF-8"?>
<!-- Generated by org.testng.reporters.JUnitReportReporter -->
<testsuite hostname="IGZ20039" failures="0" tests="1" name="testscript.ManageContactPageTest" time="9.521" errors="0" timestamp="2024-08-01T21:06:55 IST" skipped="0">
  <testcase classname="testscript.ManageContactPageTest" name="verifyUserIsAbleToEditContactUsInformations" time="9.521"/>
  <system-out/>
</testsuite> <!-- testscript.ManageContactPageTest -->
