<?xml version="1.0" encoding="UTF-8"?>
<!-- Generated by org.testng.reporters.JUnitReportReporter -->
<<<<<<< HEAD
<testsuite hostname="IGZ20039" failures="0" tests="1" name="testscript.LoginTest" time="15.542" errors="1" timestamp="2024-08-01T21:06:55 IST" skipped="0">
  <testcase classname="testscript.LoginTest" name="verifyUserIsUnAbleToLoginWithInvalidUsernameAndValidPassword" time="15.542">
    <error type="java.lang.ExceptionInInitializerError">
      <![CDATA[java.lang.ExceptionInInitializerError
at java.base/jdk.internal.reflect.NativeConstructorAccessorImpl.newInstance0(Native Method)
at java.base/jdk.internal.reflect.NativeConstructorAccessorImpl.newInstance(NativeConstructorAccessorImpl.java:77)
at java.base/jdk.internal.reflect.DelegatingConstructorAccessorImpl.newInstance(DelegatingConstructorAccessorImpl.java:45)
at java.base/java.lang.reflect.Constructor.newInstanceWithCaller(Constructor.java:499)
at java.base/java.lang.reflect.Constructor.newInstance(Constructor.java:480)
at org.testng.internal.objects.InstanceCreator.newInstance(InstanceCreator.java:38)
at org.testng.internal.objects.InstanceCreator.newInstance(InstanceCreator.java:59)
at org.testng.ITestObjectFactory.newInstance(ITestObjectFactory.java:10)
at org.testng.internal.objects.SimpleObjectDispenser.dispense(SimpleObjectDispenser.java:60)
at org.testng.internal.objects.GuiceBasedObjectDispenser.dispense(GuiceBasedObjectDispenser.java:28)
at org.testng.internal.BaseTestMethod.computeRetryAnalyzerInstanceToUse(BaseTestMethod.java:843)
at org.testng.internal.BaseTestMethod.getRetryAnalyzerConsideringMethodParameters(BaseTestMethod.java:817)
at org.testng.internal.BaseTestMethod.getRetryAnalyzer(BaseTestMethod.java:681)
at org.testng.internal.invokers.TestInvoker.shouldRetryTestMethod(TestInvoker.java:562)
at org.testng.internal.invokers.TestInvoker.invokeMethod(TestInvoker.java:739)
at org.testng.internal.invokers.TestInvoker.invokeTestMethod(TestInvoker.java:221)
at org.testng.internal.invokers.MethodRunner.runInSequence(MethodRunner.java:50)
at org.testng.internal.invokers.TestInvoker$MethodInvocationAgent.invoke(TestInvoker.java:969)
at org.testng.internal.invokers.TestInvoker.invokeTestMethods(TestInvoker.java:194)
at org.testng.internal.invokers.TestMethodWorker.invokeTestMethods(TestMethodWorker.java:148)
at org.testng.internal.invokers.TestMethodWorker.run(TestMethodWorker.java:128)
at java.base/java.util.ArrayList.forEach(ArrayList.java:1511)
at org.testng.TestRunner.privateRun(TestRunner.java:829)
at org.testng.TestRunner.run(TestRunner.java:602)
at org.testng.SuiteRunner.runTest(SuiteRunner.java:437)
at org.testng.SuiteRunner.runSequentially(SuiteRunner.java:431)
at org.testng.SuiteRunner.privateRun(SuiteRunner.java:391)
at org.testng.SuiteRunner.run(SuiteRunner.java:330)
at org.testng.SuiteRunnerWorker.runSuite(SuiteRunnerWorker.java:52)
at org.testng.SuiteRunnerWorker.run(SuiteRunnerWorker.java:95)
at org.testng.TestNG.runSuitesSequentially(TestNG.java:1256)
at org.testng.TestNG.runSuitesLocally(TestNG.java:1176)
at org.testng.TestNG.runSuites(TestNG.java:1099)
at org.testng.TestNG.run(TestNG.java:1067)
at org.testng.remote.AbstractRemoteTestNG.run(AbstractRemoteTestNG.java:115)
at org.testng.remote.RemoteTestNG.initAndRun(RemoteTestNG.java:251)
at org.testng.remote.RemoteTestNG.main(RemoteTestNG.java:77)
Caused by: java.lang.ClassCastException: class org.apache.logging.slf4j.SLF4JLogger cannot be cast to class org.slf4j.Logger (org.apache.logging.slf4j.SLF4JLogger and org.slf4j.Logger are in unnamed module of loader 'app')
at retry.Retry.<clinit>(Retry.java:9)
... 37 more
]]>
    </error>
  </testcase> <!-- verifyUserIsUnAbleToLoginWithInvalidUsernameAndValidPassword -->
=======
<testsuite hostname="IGZ20039" failures="0" tests="2" name="testscript.LoginTest" time="67.099" errors="0" timestamp="2024-07-30T21:57:02 IST" skipped="0">
  <testcase classname="testscript.LoginTest" name="verifyUserIsUnAbleToLoginWithInvalidUsernameAndValidPassword" time="25.894"/>
  <system-out/>
  <testcase classname="testscript.LoginTest" name="verifyUserIsUnAbleToLoginWithInvalidUsernameAndValidPassword" time="41.205"/>
>>>>>>> 1e00cfefc5b38db1515b55a8a3a452dc1cc6a3fb
  <system-out/>
</testsuite> <!-- testscript.LoginTest -->
